#
# There is insufficient memory for the Java Runtime Environment to continue.
# Native memory allocation (mmap) failed to map 130023424 bytes for G1 virtual space
# Possible reasons:
#   The system is out of physical RAM or swap space
#   The process is running with CompressedOops enabled, and the Java Heap may be blocking the growth of the native heap
# Possible solutions:
#   Reduce memory load on the system
#   Increase physical memory or swap space
#   Check if swap backing store is full
#   Decrease Java heap size (-Xmx/-Xms)
#   Decrease number of Java threads
#   Decrease Java thread stack sizes (-Xss)
#   Set larger code cache with -XX:ReservedCodeCacheSize=
#   JVM is running with Unscaled Compressed Oops mode in which the Java heap is
#     placed in the first 4GB address space. The Java Heap base address is the
#     maximum limit for the native heap growth. Please use -XX:HeapBaseMinAddress
#     to set the Java Heap base and to place the Java Heap above 4GB virtual address.
# This output file may be truncated or incomplete.
#
#  Out of Memory Error (os_windows.cpp:3552), pid=16812, tid=30040
#
# JRE version:  (17.0.9+11) (build )
# Java VM: Java HotSpot(TM) 64-Bit Server VM (17.0.9+11-LTS-201, mixed mode, sharing, tiered, compressed oops, compressed class ptrs, g1 gc, windows-amd64)
# No core dump will be written. Minidumps are not enabled by default on client versions of Windows
#

---------------  S U M M A R Y ------------

Command Line: -agentlib:jdwp=transport=dt_socket,server=n,suspend=y,address=localhost:61136 -Dcom.sun.management.jmxremote -Dcom.sun.management.jmxremote.port=51022 -Dcom.sun.management.jmxremote.authenticate=false -Dcom.sun.management.jmxremote.ssl=false -Dspring.jmx.enabled=true -Djava.rmi.server.hostname=localhost -Dspring.application.admin.enabled=true -Dspring.boot.project.name=jobhunter-01-java-spring-jobhunter-starter -XX:+ShowCodeDetailsInExceptionMessages -Dmanagement.endpoints.jmx.exposure.include=* vn.hoidanit.jobhunter.JobhunterApplication

Host: 11th Gen Intel(R) Core(TM) i5-11400H @ 2.70GHz, 12 cores, 7G,  Windows 11 , 64 bit Build 22621 (10.0.22621.1105)
Time: Thu Jul 11 17:08:38 2024 SE Asia Standard Time elapsed time: 0.035391 seconds (0d 0h 0m 0s)

---------------  T H R E A D  ---------------

Current thread (0x0000025308d1e640):  JavaThread "Unknown thread" [_thread_in_vm, id=30040, stack(0x000000b062100000,0x000000b062200000)]

Stack: [0x000000b062100000,0x000000b062200000]
Native frames: (J=compiled Java code, j=interpreted, Vv=VM code, C=native code)
V  [jvm.dll+0x678a4a]
V  [jvm.dll+0x7d9cfd]
V  [jvm.dll+0x7db60e]
V  [jvm.dll+0x7dbc73]
V  [jvm.dll+0x245e1f]
V  [jvm.dll+0x6758f9]
V  [jvm.dll+0x66a2a2]
V  [jvm.dll+0x303686]
V  [jvm.dll+0x30ac06]
V  [jvm.dll+0x35a48e]
V  [jvm.dll+0x35a6bf]
V  [jvm.dll+0x2da678]
V  [jvm.dll+0x2db5e4]
V  [jvm.dll+0x7ab6b1]
V  [jvm.dll+0x368041]
V  [jvm.dll+0x78a749]
V  [jvm.dll+0x3ebd4f]
V  [jvm.dll+0x3ed7d1]
C  [jli.dll+0x5297]
C  [ucrtbase.dll+0x29363]
C  [KERNEL32.DLL+0x126bd]
C  [ntdll.dll+0x5dfb8]


---------------  P R O C E S S  ---------------

Threads class SMR info:
_java_thread_list=0x00007fff5c8189d8, length=0, elements={
}

Java Threads: ( => current thread )

Other Threads:
  0x000002530aea3730 GCTaskThread "GC Thread#0" [stack: 0x000000b062200000,0x000000b062300000] [id=12620]
  0x000002530aeb3ff0 ConcurrentGCThread "G1 Main Marker" [stack: 0x000000b062300000,0x000000b062400000] [id=31952]
  0x000002530aeb5d80 ConcurrentGCThread "G1 Conc#0" [stack: 0x000000b062400000,0x000000b062500000] [id=24708]

[error occurred during error reporting (printing all threads), id 0xc0000005, EXCEPTION_ACCESS_VIOLATION (0xc0000005) at pc=0x00007fff5c04b2d7]

VM state: not at safepoint (not fully initialized)

VM Mutex/Monitor currently owned by a thread:  ([mutex/lock_event])
[0x0000025308d1bcb0] Heap_lock - owner thread: 0x0000025308d1e640

Heap address: 0x0000000084a00000, size: 1974 MB, Compressed Oops mode: 32-bit

CDS archive(s) mapped at: [0x0000000000000000-0x0000000000000000-0x0000000000000000), size 0, SharedBaseAddress: 0x0000000800000000, ArchiveRelocationMode: 1.
Narrow klass base: 0x0000000000000000, Narrow klass shift: 0, Narrow klass range: 0x0

GC Precious Log:
<Empty>

Heap:
 garbage-first heap   total 0K, used 0K [0x0000000084a00000, 0x0000000100000000)
  region size 1024K, 0 young (0K), 0 survivors (0K)

[error occurred during error reporting (printing heap information), id 0xc0000005, EXCEPTION_ACCESS_VIOLATION (0xc0000005) at pc=0x00007fff5c432229]

GC Heap History (0 events):
No events

Deoptimization events (0 events):
No events

Classes unloaded (0 events):
No events

Classes redefined (0 events):
No events

Internal exceptions (0 events):
No events

VM Operations (0 events):
No events

Events (1 events):
Event: 0.024 Loaded shared library C:\Program Files\Java\jdk-17\bin\java.dll


Dynamic libraries:
0x00007ff7125c0000 - 0x00007ff7125d0000 	C:\Program Files\Java\jdk-17\bin\java.exe
0x00007ffff5110000 - 0x00007ffff5324000 	C:\WINDOWS\SYSTEM32\ntdll.dll
0x00007ffff38b0000 - 0x00007ffff3973000 	C:\WINDOWS\System32\KERNEL32.DLL
0x00007ffff2600000 - 0x00007ffff299d000 	C:\WINDOWS\System32\KERNELBASE.dll
0x0000000072c70000 - 0x0000000072fa0000 	C:\Program Files\Norton Security\NortonData\22.21.5.49\Definitions\IPSDefs\20230118.061\IPSEng64.dll
0x00007ffff49e0000 - 0x00007ffff4a8e000 	C:\WINDOWS\System32\ADVAPI32.dll
0x00007ffff4840000 - 0x00007ffff48e7000 	C:\WINDOWS\System32\msvcrt.dll
0x00007ffff4fc0000 - 0x00007ffff5064000 	C:\WINDOWS\System32\sechost.dll
0x00007ffff35e0000 - 0x00007ffff36f5000 	C:\WINDOWS\System32\RPCRT4.dll
0x00007ffff3d10000 - 0x00007ffff3d18000 	C:\WINDOWS\System32\PSAPI.DLL
0x00007ffff2b80000 - 0x00007ffff2c91000 	C:\WINDOWS\System32\ucrtbase.dll
0x00007fffa3660000 - 0x00007fffa3679000 	C:\Program Files\Java\jdk-17\bin\jli.dll
0x00007fff93200000 - 0x00007fff9321b000 	C:\Program Files\Java\jdk-17\bin\VCRUNTIME140.dll
0x00007ffff3700000 - 0x00007ffff38ad000 	C:\WINDOWS\System32\USER32.dll
0x00007ffff25d0000 - 0x00007ffff25f6000 	C:\WINDOWS\System32\win32u.dll
0x00007fffd0cf0000 - 0x00007fffd0f7e000 	C:\WINDOWS\WinSxS\amd64_microsoft.windows.common-controls_6595b64144ccf1df_6.0.22621.608_none_a9444ca7c10bb01d\COMCTL32.dll
0x00007ffff2f00000 - 0x00007ffff2f29000 	C:\WINDOWS\System32\GDI32.dll
0x00007ffff2de0000 - 0x00007ffff2ef2000 	C:\WINDOWS\System32\gdi32full.dll
0x00007ffff2530000 - 0x00007ffff25ca000 	C:\WINDOWS\System32\msvcp_win.dll
0x00007fffe8c10000 - 0x00007fffe8c1a000 	C:\WINDOWS\SYSTEM32\VERSION.dll
0x00007ffff3fe0000 - 0x00007ffff4012000 	C:\WINDOWS\System32\IMM32.DLL
0x00007fffe8280000 - 0x00007fffe828c000 	C:\Program Files\Java\jdk-17\bin\vcruntime140_1.dll
0x00007fff79f20000 - 0x00007fff79fae000 	C:\Program Files\Java\jdk-17\bin\msvcp140.dll
0x00007fff5bd60000 - 0x00007fff5c941000 	C:\Program Files\Java\jdk-17\bin\server\jvm.dll
0x00007fffe61d0000 - 0x00007fffe6204000 	C:\WINDOWS\SYSTEM32\WINMM.dll
0x00007fff50b00000 - 0x00007fff50b09000 	C:\WINDOWS\SYSTEM32\WSOCK32.dll
0x00007ffff4e20000 - 0x00007ffff4e91000 	C:\WINDOWS\System32\WS2_32.dll
0x00007ffff1580000 - 0x00007ffff1598000 	C:\WINDOWS\SYSTEM32\kernel.appcore.dll
0x00007fffdab00000 - 0x00007fffdab0a000 	C:\Program Files\Java\jdk-17\bin\jimage.dll
0x00007ffff0100000 - 0x00007ffff032e000 	C:\WINDOWS\SYSTEM32\DBGHELP.DLL
0x00007ffff3980000 - 0x00007ffff3d0a000 	C:\WINDOWS\System32\combase.dll
0x00007ffff4900000 - 0x00007ffff49d7000 	C:\WINDOWS\System32\OLEAUT32.dll
0x00007fffd23a0000 - 0x00007fffd23d2000 	C:\WINDOWS\SYSTEM32\dbgcore.DLL
0x00007ffff2ca0000 - 0x00007ffff2d1b000 	C:\WINDOWS\System32\bcryptPrimitives.dll
0x00007fff84430000 - 0x00007fff8446b000 	C:\Program Files\Java\jdk-17\bin\jdwp.dll
0x00007fff83180000 - 0x00007fff831a5000 	C:\Program Files\Java\jdk-17\bin\java.dll

dbghelp: loaded successfully - version: 4.0.5 - missing functions: none
symbol engine: initialized successfully - sym options: 0x614 - pdb path: .;C:\Program Files\Java\jdk-17\bin;C:\WINDOWS\SYSTEM32;C:\Program Files\Norton Security\NortonData\22.21.5.49\Definitions\IPSDefs\20230118.061;C:\WINDOWS\WinSxS\amd64_microsoft.windows.common-controls_6595b64144ccf1df_6.0.22621.608_none_a9444ca7c10bb01d;C:\Program Files\Java\jdk-17\bin\server

VM Arguments:
jvm_args: -agentlib:jdwp=transport=dt_socket,server=n,suspend=y,address=localhost:61136 -Dcom.sun.management.jmxremote -Dcom.sun.management.jmxremote.port=51022 -Dcom.sun.management.jmxremote.authenticate=false -Dcom.sun.management.jmxremote.ssl=false -Dspring.jmx.enabled=true -Djava.rmi.server.hostname=localhost -Dspring.application.admin.enabled=true -Dspring.boot.project.name=jobhunter-01-java-spring-jobhunter-starter -XX:+ShowCodeDetailsInExceptionMessages -Dmanagement.endpoints.jmx.exposure.include=* 
java_command: vn.hoidanit.jobhunter.JobhunterApplication
java_class_path (initial): E:\SpringRestfulApi\01-java-spring-jobhunter-starter\bin\main;E:\SpringRestfulApi\01-java-spring-jobhunter-starter\bin\test;E:\SpringRestfulApi\01-java-spring-jobhunter-starter\bin\default;C:\Users\NAM\.gradle\caches\modules-2\files-2.1\org.springframework.boot\spring-boot-starter-actuator\3.2.4\a26cd0ab56f912d2aa44504042af06f15d3d1a80\spring-boot-starter-actuator-3.2.4.jar;C:\Users\NAM\.gradle\caches\modules-2\files-2.1\org.springframework.boot\spring-boot-starter-data-jpa\3.2.4\d8c5f393d9b18d96021b3e02d80e4356c5cbe0f7\spring-boot-starter-data-jpa-3.2.4.jar;C:\Users\NAM\.gradle\caches\modules-2\files-2.1\org.springframework.boot\spring-boot-starter-security\3.2.4\a1b9f09832c42c6c079be67bf3e7989c54a338ff\spring-boot-starter-security-3.2.4.jar;C:\Users\NAM\.gradle\caches\modules-2\files-2.1\org.springframework.boot\spring-boot-starter-thymeleaf\3.2.4\db900acbd0bbeb7a8682fe6aeb477d17fe501ac1\spring-boot-starter-thymeleaf-3.2.4.jar;C:\Users\NAM\.gradle\caches\modules-2\files-2.1\org.springframework.boot\spring-boot-starter-validation\3.2.4\5f43697d1f24a19414bcaec3733dab5b6c24d1da\spring-boot-starter-validation-3.2.4.jar;C:\Users\NAM\.gradle\caches\modules-2\files-2.1\org.springframework.boot\spring-boot-starter-web\3.2.4\a74df12b71060da7c8e87f9a8c2ef4ea43fc8017\spring-boot-starter-web-3.2.4.jar;C:\Users\NAM\.gradle\caches\modules-2\files-2.1\org.springframework.boot\spring-boot-starter-oauth2-resource-server\3.2.4\6ca8aa01a34b77cc30b03e2f7ddb80b360bcaffa\spring-boot-starter-oauth2-resource-server-3.2.4.jar;C:\Users\NAM\.gradle\caches\modules-2\files-2.1\com.turkraft.springfilter\jpa\3.1.7\8f4c673652552805f4bae596e5f934cad5246333\jpa-3.1.7.jar;C:\Users\NAM\.gradle\caches\modules-2\files-2.1\org.thymeleaf.extras\thymeleaf-extras-springsecurity6\3.1.2.RELEASE\574c188eb147191e2f162419e9fc780fcf3256d7\thymeleaf-extras-springsecurity6-3.1.2.RELEASE.jar;C:\Users\NAM\.gradle\caches\modules-2\files-2.1\org.projectlombok\lombok\1.18.30\f195ee86e6c896
Launcher Type: SUN_STANDARD

[Global flags]
     intx CICompilerCount                          = 4                                         {product} {ergonomic}
     uint ConcGCThreads                            = 3                                         {product} {ergonomic}
     uint G1ConcRefinementThreads                  = 10                                        {product} {ergonomic}
   size_t G1HeapRegionSize                         = 1048576                                   {product} {ergonomic}
    uintx GCDrainStackTargetSize                   = 64                                        {product} {ergonomic}
   size_t InitialHeapSize                          = 130023424                                 {product} {ergonomic}
     bool ManagementServer                         = true                                      {product} {command line}
   size_t MarkStackSize                            = 4194304                                   {product} {ergonomic}
   size_t MaxHeapSize                              = 2069889024                                {product} {ergonomic}
   size_t MinHeapDeltaBytes                        = 1048576                                   {product} {ergonomic}
   size_t MinHeapSize                              = 8388608                                   {product} {ergonomic}
    uintx NonNMethodCodeHeapSize                   = 5839372                                {pd product} {ergonomic}
    uintx NonProfiledCodeHeapSize                  = 122909434                              {pd product} {ergonomic}
    uintx ProfiledCodeHeapSize                     = 122909434                              {pd product} {ergonomic}
    uintx ReservedCodeCacheSize                    = 251658240                              {pd product} {ergonomic}
     bool SegmentedCodeCache                       = true                                      {product} {ergonomic}
     bool ShowCodeDetailsInExceptionMessages       = true                                   {manageable} {command line}
   size_t SoftMaxHeapSize                          = 2069889024                             {manageable} {ergonomic}
     bool UseCompressedClassPointers               = true                           {product lp64_product} {ergonomic}
     bool UseCompressedOops                        = true                           {product lp64_product} {ergonomic}
     bool UseG1GC                                  = true                                      {product} {ergonomic}
     bool UseLargePagesIndividualAllocation        = false                                  {pd product} {ergonomic}

Logging:
Log output configuration:
 #0: stdout all=warning uptime,level,tags
 #1: stderr all=off uptime,level,tags

Environment Variables:
JAVA_HOME=C:\Program Files\Java\jdk-17
PATH=C:\Users\NAM\AppData\Local\Programs\Python\Python312\Scripts\;C:\Users\NAM\AppData\Local\Programs\Python\Python312\;C:\Windows\system32;C:\Windows;C:\Windows\System32\Wbem;C:\Windows\System32\WindowsPowerShell\v1.0\;C:\Windows\System32\OpenSSH\;C:\Program Files (x86)\NVIDIA Corporation\PhysX\Common;C:\Program Files\NVIDIA Corporation\NVIDIA NvDLISR;C:\WINDOWS\system32;C:\WINDOWS;C:\WINDOWS\System32\Wbem;C:\WINDOWS\System32\WindowsPowerShell\v1.0\;C:\WINDOWS\System32\OpenSSH\;C:\Program Files\Microsoft SQL Server\Client SDK\ODBC\110\Tools\Binn\;C:\Program Files (x86)\Microsoft SQL Server\120\Tools\Binn\;C:\Program Files\Microsoft SQL Server\120\Tools\Binn\;C:\Program Files\Microsoft SQL Server\120\DTS\Binn\;C:\Program Files (x86)\Microsoft SQL Server\160\Tools\Binn\;C:\Program Files\Microsoft SQL Server\160\Tools\Binn\;C:\Program Files\Microsoft SQL Server\Client SDK\ODBC\170\Tools\Binn\;C:\Program Files\Microsoft SQL Server\160\DTS\Binn\;C:\Program Files (x86)\Microsoft SQL Server\120\Tools\Binn\ManagementStudio\;C:\Program Files (x86)\Microsoft SQL Server\120\DTS\Binn\;C:\Program Files (x86)\Microsoft SQL Server\160\DTS\Binn\;E:\NodeCore\nvm;C:\Program Files\nodejs;C:\ProgramData\Microsoft\Windows\Start Menu\Programs\Node.js\Node.js.lnk\bin;C:\ProgramData\Microsoft\Windows\Start Menu\Programs\Node.js\Binn\;C:\ProgramData\Microsoft\Windows\Start Menu\Programs\Node.js\Node.js.lnk\Binn;C:\ProgramData\chocolatey\bin;C:\ProgramData\Microsoft\Windows\Start Menu\Programs\Node.js;C:\ProgramData\Microsoft\Windows\Start Menu\Programs\Node.js\bin;C:\Program Files\nodejs\;C:\Program Files\Java\jdk-17\bin;E:\NodeCore\Git\cmd;D:\apache-maven-3.9.7\bin;C:\Program Files\MySQL\MySQL Shell 8.0\bin\;C:\Users\NAM\AppData\Local\Microsoft\WindowsApps;C:\Program Files\Azure Data Studio\bin;C:\ProgramData\Microsoft\Windows\Start Menu\Programs\Node.js\bin;C:\ProgramData\Microsoft\Windows\Start Menu\Programs\Node.js\Node.js.lnk\bin;C:\ProgramData\Microsoft\Windows\Start Menu\Programs\Node
USERNAME=NAM
LANG=en_US.UTF-8
OS=Windows_NT
PROCESSOR_IDENTIFIER=Intel64 Family 6 Model 141 Stepping 1, GenuineIntel



---------------  S Y S T E M  ---------------

OS:
 Windows 11 , 64 bit Build 22621 (10.0.22621.1105)
OS uptime: 0 days 16:03 hours

CPU: total 12 (initial active 12) (6 cores per cpu, 2 threads per core) family 6 model 141 stepping 1 microcode 0x26, cx8, cmov, fxsr, ht, mmx, 3dnowpref, sse, sse2, sse3, ssse3, sse4.1, sse4.2, popcnt, lzcnt, tsc, tscinvbit, avx, avx2, aes, erms, clmul, bmi1, bmi2, adx, avx512f, avx512dq, avx512cd, avx512bw, avx512vl, sha, fma, vzeroupper, avx512_vpopcntdq, avx512_vpclmulqdq, avx512_vaes, avx512_vnni, clflush, clflushopt, clwb, avx512_vbmi2, avx512_vbmi

Memory: 4k page, system-wide physical 7893M (390M free)
TotalPageFile size 24890M (AvailPageFile size 64M)
current process WorkingSet (physical memory assigned to process): 12M, peak: 12M
current process commit charge ("private bytes"): 65M, peak: 189M

vm_info: Java HotSpot(TM) 64-Bit Server VM (17.0.9+11-LTS-201) for windows-amd64 JRE (17.0.9+11-LTS-201), built on Oct 10 2023 23:16:06 by "mach5one" with MS VC++ 17.1 (VS2022)

END.
